# JRE version: Java(TM) SE Runtime Environment (8.0_45-b15) (build 1.8.0_45-b15)
# Java VM: Java HotSpot(TM) 64-Bit Server VM (25.45-b02 mixed mode windows-amd64 compressed oops)
Heap:
 PSYoungGen      total 284672K, used 162132K [0x000000076c800000, 0x0000000780e00000, 0x00000007c0000000)
  eden space 267776K, 60% used [0x000000076c800000,0x00000007766552f0,0x000000077cd80000)
  from space 16896K, 0% used [0x000000077dd80000,0x000000077dd80000,0x000000077ee00000)
  to   space 16384K, 0% used [0x000000077cd80000,0x000000077cd80000,0x000000077dd80000)
 ParOldGen       total 210432K, used 20204K [0x00000006c5800000, 0x00000006d2580000, 0x000000076c800000)
  object space 210432K, 9% used [0x00000006c5800000,0x00000006c6bbb3a8,0x00000006d2580000)
 Metaspace       used 63647K, capacity 67470K, committed 67800K, reserved 1107968K
  class space    used 8981K, capacity 9655K, committed 9688K, reserved 1048576K
GC Heap History (10 events):
Event: 2.355 GC heap before
{Heap before GC invocations=9 (full 2):
 PSYoungGen      total 162304K, used 9386K [0x000000076c800000, 0x000000077bb80000, 0x00000007c0000000)
  eden space 150016K, 0% used [0x000000076c800000,0x000000076c800000,0x0000000775a80000)
  from space 12288K, 76% used [0x0000000775a80000,0x00000007763aa9b8,0x0000000776680000)
  to   space 12288K, 0% used [0x000000077af80000,0x000000077af80000,0x000000077bb80000)
 ParOldGen       total 99328K, used 8907K [0x00000006c5800000, 0x00000006cb900000, 0x000000076c800000)
  object space 99328K, 8% used [0x00000006c5800000,0x00000006c60b2f18,0x00000006cb900000)
 Metaspace       used 33185K, capacity 35306K, committed 35416K, reserved 1079296K
  class space    used 4478K, capacity 4883K, committed 4952K, reserved 1048576K
Event: 2.384 GC heap after
Heap after GC invocations=9 (full 2):
 PSYoungGen      total 162304K, used 0K [0x000000076c800000, 0x000000077bb80000, 0x00000007c0000000)
  eden space 150016K, 0% used [0x000000076c800000,0x000000076c800000,0x0000000775a80000)
  from space 12288K, 0% used [0x0000000775a80000,0x0000000775a80000,0x0000000776680000)
  to   space 12288K, 0% used [0x000000077af80000,0x000000077af80000,0x000000077bb80000)
 ParOldGen       total 157184K, used 13576K [0x00000006c5800000, 0x00000006cf180000, 0x000000076c800000)
  object space 157184K, 8% used [0x00000006c5800000,0x00000006c65421a0,0x00000006cf180000)
 Metaspace       used 33185K, capacity 35306K, committed 35416K, reserved 1079296K
  class space    used 4478K, capacity 4883K, committed 4952K, reserved 1048576K
}
Event: 3.177 GC heap before
{Heap before GC invocations=10 (full 2):
 PSYoungGen      total 162304K, used 150016K [0x000000076c800000, 0x000000077bb80000, 0x00000007c0000000)
  eden space 150016K, 100% used [0x000000076c800000,0x0000000775a80000,0x0000000775a80000)
  from space 12288K, 0% used [0x0000000775a80000,0x0000000775a80000,0x0000000776680000)
  to   space 12288K, 0% used [0x000000077af80000,0x000000077af80000,0x000000077bb80000)
 ParOldGen       total 157184K, used 13576K [0x00000006c5800000, 0x00000006cf180000, 0x000000076c800000)
  object space 157184K, 8% used [0x00000006c5800000,0x00000006c65421a0,0x00000006cf180000)
 Metaspace       used 43312K, capacity 45644K, committed 45912K, reserved 1089536K
  class space    used 6003K, capacity 6459K, committed 6488K, reserved 1048576K
Event: 3.184 GC heap after
Heap after GC invocations=10 (full 2):
 PSYoungGen      total 226816K, used 11878K [0x000000076c800000, 0x000000077bb80000, 0x00000007c0000000)
  eden space 214528K, 0% used [0x000000076c800000,0x000000076c800000,0x0000000779980000)
  from space 12288K, 96% used [0x000000077af80000,0x000000077bb19858,0x000000077bb80000)
  to   space 13824K, 0% used [0x000000077a080000,0x000000077a080000,0x000000077ae00000)
 ParOldGen       total 157184K, used 13592K [0x00000006c5800000, 0x00000006cf180000, 0x000000076c800000)
  object space 157184K, 8% used [0x00000006c5800000,0x00000006c65461a0,0x00000006cf180000)
 Metaspace       used 43312K, capacity 45644K, committed 45912K, reserved 1089536K
  class space    used 6003K, capacity 6459K, committed 6488K, reserved 1048576K
}
Event: 4.273 GC heap before
{Heap before GC invocations=11 (full 2):
 PSYoungGen      total 226816K, used 226406K [0x000000076c800000, 0x000000077bb80000, 0x00000007c0000000)
  eden space 214528K, 100% used [0x000000076c800000,0x0000000779980000,0x0000000779980000)
  from space 12288K, 96% used [0x000000077af80000,0x000000077bb19858,0x000000077bb80000)
  to   space 13824K, 0% used [0x000000077a080000,0x000000077a080000,0x000000077ae00000)
 ParOldGen       total 157184K, used 13592K [0x00000006c5800000, 0x00000006cf180000, 0x000000076c800000)
  object space 157184K, 8% used [0x00000006c5800000,0x00000006c65461a0,0x00000006cf180000)
 Metaspace       used 55184K, capacity 58384K, committed 58584K, reserved 1099776K
  class space    used 7788K, capacity 8357K, committed 8408K, reserved 1048576K
Event: 4.284 GC heap after
Heap after GC invocations=11 (full 2):
 PSYoungGen      total 235520K, used 13815K [0x000000076c800000, 0x000000077ee00000, 0x00000007c0000000)
  eden space 221696K, 0% used [0x000000076c800000,0x000000076c800000,0x000000077a080000)
  from space 13824K, 99% used [0x000000077a080000,0x000000077adfdeb0,0x000000077ae00000)
  to   space 16896K, 0% used [0x000000077dd80000,0x000000077dd80000,0x000000077ee00000)
 ParOldGen       total 157184K, used 17125K [0x00000006c5800000, 0x00000006cf180000, 0x000000076c800000)
  object space 157184K, 10% used [0x00000006c5800000,0x00000006c68b9488,0x00000006cf180000)
 Metaspace       used 55184K, capacity 58384K, committed 58584K, reserved 1099776K
  class space    used 7788K, capacity 8357K, committed 8408K, reserved 1048576K
}
Event: 4.339 GC heap before
{Heap before GC invocations=12 (full 2):
 PSYoungGen      total 235520K, used 28407K [0x000000076c800000, 0x000000077ee00000, 0x00000007c0000000)
  eden space 221696K, 6% used [0x000000076c800000,0x000000076d63fdf0,0x000000077a080000)
  from space 13824K, 99% used [0x000000077a080000,0x000000077adfdeb0,0x000000077ae00000)
  to   space 16896K, 0% used [0x000000077dd80000,0x000000077dd80000,0x000000077ee00000)
 ParOldGen       total 157184K, used 17125K [0x00000006c5800000, 0x00000006cf180000, 0x000000076c800000)
  object space 157184K, 10% used [0x00000006c5800000,0x00000006c68b9488,0x00000006cf180000)
 Metaspace       used 55692K, capacity 58876K, committed 59028K, reserved 1099776K
  class space    used 7876K, capacity 8433K, committed 8536K, reserved 1048576K
Event: 4.343 GC heap after
Heap after GC invocations=12 (full 2):
 PSYoungGen      total 284672K, used 8811K [0x000000076c800000, 0x0000000780e00000, 0x00000007c0000000)
  eden space 267776K, 0% used [0x000000076c800000,0x000000076c800000,0x000000077cd80000)
  from space 16896K, 52% used [0x000000077dd80000,0x000000077e61af30,0x000000077ee00000)
  to   space 16384K, 0% used [0x000000077cd80000,0x000000077cd80000,0x000000077dd80000)
 ParOldGen       total 157184K, used 17133K [0x00000006c5800000, 0x00000006cf180000, 0x000000076c800000)
  object space 157184K, 10% used [0x00000006c5800000,0x00000006c68bb488,0x00000006cf180000)
 Metaspace       used 55692K, capacity 58876K, committed 59028K, reserved 1099776K
  class space    used 7876K, capacity 8433K, committed 8536K, reserved 1048576K
}
Event: 4.343 GC heap before
{Heap before GC invocations=13 (full 3):
 PSYoungGen      total 284672K, used 8811K [0x000000076c800000, 0x0000000780e00000, 0x00000007c0000000)
  eden space 267776K, 0% used [0x000000076c800000,0x000000076c800000,0x000000077cd80000)
  from space 16896K, 52% used [0x000000077dd80000,0x000000077e61af30,0x000000077ee00000)
  to   space 16384K, 0% used [0x000000077cd80000,0x000000077cd80000,0x000000077dd80000)
 ParOldGen       total 157184K, used 17133K [0x00000006c5800000, 0x00000006cf180000, 0x000000076c800000)
  object space 157184K, 10% used [0x00000006c5800000,0x00000006c68bb488,0x00000006cf180000)
 Metaspace       used 55692K, capacity 58876K, committed 59028K, reserved 1099776K
  class space    used 7876K, capacity 8433K, committed 8536K, reserved 1048576K
Event: 4.456 GC heap after
Heap after GC invocations=13 (full 3):
 PSYoungGen      total 284672K, used 0K [0x000000076c800000, 0x0000000780e00000, 0x00000007c0000000)
  eden space 267776K, 0% used [0x000000076c800000,0x000000076c800000,0x000000077cd80000)
  from space 16896K, 0% used [0x000000077dd80000,0x000000077dd80000,0x000000077ee00000)
  to   space 16384K, 0% used [0x000000077cd80000,0x000000077cd80000,0x000000077dd80000)
 ParOldGen       total 210432K, used 20204K [0x00000006c5800000, 0x00000006d2580000, 0x000000076c800000)
  object space 210432K, 9% used [0x00000006c5800000,0x00000006c6bbb3a8,0x00000006d2580000)
 Metaspace       used 55692K, capacity 58876K, committed 59028K, reserved 1099776K
  class space    used 7876K, capacity 8433K, committed 8536K, reserved 1048576K
}

