# JRE version: Java(TM) SE Runtime Environment (8.0_45-b15) (build 1.8.0_45-b15)
# Java VM: Java HotSpot(TM) 64-Bit Server VM (25.45-b02 mixed mode windows-amd64 compressed oops)
Heap:
 PSYoungGen      total 334336K, used 28600K [0x000000076c800000, 0x0000000783080000, 0x00000007c0000000)
  eden space 317952K, 3% used [0x000000076c800000,0x000000076d445c90,0x000000077fe80000)
  from space 16384K, 97% used [0x0000000782080000,0x0000000783028648,0x0000000783080000)
  to   space 18944K, 0% used [0x0000000780b80000,0x0000000780b80000,0x0000000781e00000)
 ParOldGen       total 201728K, used 27817K [0x00000006c5800000, 0x00000006d1d00000, 0x000000076c800000)
  object space 201728K, 13% used [0x00000006c5800000,0x00000006c732a6e0,0x00000006d1d00000)
 Metaspace       used 66783K, capacity 70782K, committed 71040K, reserved 1110016K
  class space    used 9363K, capacity 10049K, committed 10112K, reserved 1048576K
GC Heap History (10 events):
Event: 2.551 GC heap before
{Heap before GC invocations=9 (full 2):
 PSYoungGen      total 178688K, used 8124K [0x000000076c800000, 0x000000077ec00000, 0x00000007c0000000)
  eden space 165888K, 0% used [0x000000076c800000,0x000000076c800000,0x0000000776a00000)
  from space 12800K, 63% used [0x0000000776a00000,0x00000007771ef360,0x0000000777680000)
  to   space 12288K, 0% used [0x000000077e000000,0x000000077e000000,0x000000077ec00000)
 ParOldGen       total 93696K, used 8114K [0x00000006c5800000, 0x00000006cb380000, 0x000000076c800000)
  object space 93696K, 8% used [0x00000006c5800000,0x00000006c5feca68,0x00000006cb380000)
 Metaspace       used 33341K, capacity 35376K, committed 35416K, reserved 1079296K
  class space    used 4449K, capacity 4828K, committed 4864K, reserved 1048576K
Event: 2.578 GC heap after
Heap after GC invocations=9 (full 2):
 PSYoungGen      total 178688K, used 0K [0x000000076c800000, 0x000000077ec00000, 0x00000007c0000000)
  eden space 165888K, 0% used [0x000000076c800000,0x000000076c800000,0x0000000776a00000)
  from space 12800K, 0% used [0x0000000776a00000,0x0000000776a00000,0x0000000777680000)
  to   space 12288K, 0% used [0x000000077e000000,0x000000077e000000,0x000000077ec00000)
 ParOldGen       total 137216K, used 12328K [0x00000006c5800000, 0x00000006cde00000, 0x000000076c800000)
  object space 137216K, 8% used [0x00000006c5800000,0x00000006c640a398,0x00000006cde00000)
 Metaspace       used 33341K, capacity 35376K, committed 35416K, reserved 1079296K
  class space    used 4449K, capacity 4828K, committed 4864K, reserved 1048576K
}
Event: 3.416 GC heap before
{Heap before GC invocations=10 (full 2):
 PSYoungGen      total 178688K, used 165888K [0x000000076c800000, 0x000000077ec00000, 0x00000007c0000000)
  eden space 165888K, 100% used [0x000000076c800000,0x0000000776a00000,0x0000000776a00000)
  from space 12800K, 0% used [0x0000000776a00000,0x0000000776a00000,0x0000000777680000)
  to   space 12288K, 0% used [0x000000077e000000,0x000000077e000000,0x000000077ec00000)
 ParOldGen       total 137216K, used 12328K [0x00000006c5800000, 0x00000006cde00000, 0x000000076c800000)
  object space 137216K, 8% used [0x00000006c5800000,0x00000006c640a398,0x00000006cde00000)
 Metaspace       used 44233K, capacity 46562K, committed 46848K, reserved 1089536K
  class space    used 6091K, capacity 6554K, committed 6656K, reserved 1048576K
Event: 3.423 GC heap after
Heap after GC invocations=10 (full 2):
 PSYoungGen      total 268288K, used 12275K [0x000000076c800000, 0x000000077ec00000, 0x00000007c0000000)
  eden space 256000K, 0% used [0x000000076c800000,0x000000076c800000,0x000000077c200000)
  from space 12288K, 99% used [0x000000077e000000,0x000000077ebfcdc8,0x000000077ec00000)
  to   space 14336K, 0% used [0x000000077d000000,0x000000077d000000,0x000000077de00000)
 ParOldGen       total 137216K, used 13080K [0x00000006c5800000, 0x00000006cde00000, 0x000000076c800000)
  object space 137216K, 9% used [0x00000006c5800000,0x00000006c64c6020,0x00000006cde00000)
 Metaspace       used 44233K, capacity 46562K, committed 46848K, reserved 1089536K
  class space    used 6091K, capacity 6554K, committed 6656K, reserved 1048576K
}
Event: 4.443 GC heap before
{Heap before GC invocations=11 (full 2):
 PSYoungGen      total 268288K, used 226553K [0x000000076c800000, 0x000000077ec00000, 0x00000007c0000000)
  eden space 256000K, 83% used [0x000000076c800000,0x0000000779941978,0x000000077c200000)
  from space 12288K, 99% used [0x000000077e000000,0x000000077ebfcdc8,0x000000077ec00000)
  to   space 14336K, 0% used [0x000000077d000000,0x000000077d000000,0x000000077de00000)
 ParOldGen       total 137216K, used 13080K [0x00000006c5800000, 0x00000006cde00000, 0x000000076c800000)
  object space 137216K, 9% used [0x00000006c5800000,0x00000006c64c6020,0x00000006cde00000)
 Metaspace       used 55808K, capacity 58966K, committed 59028K, reserved 1099776K
  class space    used 7825K, capacity 8408K, committed 8448K, reserved 1048576K
Event: 4.456 GC heap after
Heap after GC invocations=11 (full 2):
 PSYoungGen      total 284672K, used 14329K [0x000000076c800000, 0x0000000783180000, 0x00000007c0000000)
  eden space 270336K, 0% used [0x000000076c800000,0x000000076c800000,0x000000077d000000)
  from space 14336K, 99% used [0x000000077d000000,0x000000077ddfe570,0x000000077de00000)
  to   space 17408K, 0% used [0x0000000782080000,0x0000000782080000,0x0000000783180000)
 ParOldGen       total 137216K, used 15784K [0x00000006c5800000, 0x00000006cde00000, 0x000000076c800000)
  object space 137216K, 11% used [0x00000006c5800000,0x00000006c676a128,0x00000006cde00000)
 Metaspace       used 55808K, capacity 58966K, committed 59028K, reserved 1099776K
  class space    used 7825K, capacity 8408K, committed 8448K, reserved 1048576K
}
Event: 4.456 GC heap before
{Heap before GC invocations=12 (full 3):
 PSYoungGen      total 284672K, used 14329K [0x000000076c800000, 0x0000000783180000, 0x00000007c0000000)
  eden space 270336K, 0% used [0x000000076c800000,0x000000076c800000,0x000000077d000000)
  from space 14336K, 99% used [0x000000077d000000,0x000000077ddfe570,0x000000077de00000)
  to   space 17408K, 0% used [0x0000000782080000,0x0000000782080000,0x0000000783180000)
 ParOldGen       total 137216K, used 15784K [0x00000006c5800000, 0x00000006cde00000, 0x000000076c800000)
  object space 137216K, 11% used [0x00000006c5800000,0x00000006c676a128,0x00000006cde00000)
 Metaspace       used 55808K, capacity 58966K, committed 59028K, reserved 1099776K
  class space    used 7825K, capacity 8408K, committed 8448K, reserved 1048576K
Event: 4.587 GC heap after
Heap after GC invocations=12 (full 3):
 PSYoungGen      total 284672K, used 0K [0x000000076c800000, 0x0000000783180000, 0x00000007c0000000)
  eden space 270336K, 0% used [0x000000076c800000,0x000000076c800000,0x000000077d000000)
  from space 14336K, 0% used [0x000000077d000000,0x000000077d000000,0x000000077de00000)
  to   space 17408K, 0% used [0x0000000782080000,0x0000000782080000,0x0000000783180000)
 ParOldGen       total 201728K, used 27809K [0x00000006c5800000, 0x00000006d1d00000, 0x000000076c800000)
  object space 201728K, 13% used [0x00000006c5800000,0x00000006c73286e0,0x00000006d1d00000)
 Metaspace       used 55808K, capacity 58966K, committed 59028K, reserved 1099776K
  class space    used 7825K, capacity 8408K, committed 8448K, reserved 1048576K
}
Event: 61.030 GC heap before
{Heap before GC invocations=13 (full 3):
 PSYoungGen      total 284672K, used 270336K [0x000000076c800000, 0x0000000783180000, 0x00000007c0000000)
  eden space 270336K, 100% used [0x000000076c800000,0x000000077d000000,0x000000077d000000)
  from space 14336K, 0% used [0x000000077d000000,0x000000077d000000,0x000000077de00000)
  to   space 17408K, 0% used [0x0000000782080000,0x0000000782080000,0x0000000783180000)
 ParOldGen       total 201728K, used 27809K [0x00000006c5800000, 0x00000006d1d00000, 0x000000076c800000)
  object space 201728K, 13% used [0x00000006c5800000,0x00000006c73286e0,0x00000006d1d00000)
 Metaspace       used 66760K, capacity 70718K, committed 70784K, reserved 1110016K
  class space    used 9360K, capacity 10049K, committed 10112K, reserved 1048576K
Event: 61.058 GC heap after
Heap after GC invocations=13 (full 3):
 PSYoungGen      total 334336K, used 16033K [0x000000076c800000, 0x0000000783080000, 0x00000007c0000000)
  eden space 317952K, 0% used [0x000000076c800000,0x000000076c800000,0x000000077fe80000)
  from space 16384K, 97% used [0x0000000782080000,0x0000000783028648,0x0000000783080000)
  to   space 18944K, 0% used [0x0000000780b80000,0x0000000780b80000,0x0000000781e00000)
 ParOldGen       total 201728K, used 27817K [0x00000006c5800000, 0x00000006d1d00000, 0x000000076c800000)
  object space 201728K, 13% used [0x00000006c5800000,0x00000006c732a6e0,0x00000006d1d00000)
 Metaspace       used 66760K, capacity 70718K, committed 70784K, reserved 1110016K
  class space    used 9360K, capacity 10049K, committed 10112K, reserved 1048576K
}

